2026-05-18 12:39:29,338 [INFO] run — ============================================================
2026-05-18 12:39:29,338 [INFO] run — Démarrage parser DMARC — 2026-05-18T10:39:29.338479Z
2026-05-18 12:39:29,338 [INFO] run — DB : /Users/mo/projects/projet-brevo/dmarc-parser/dmarc-history.db
2026-05-18 12:39:29,338 [INFO] run — Rapports : /Users/mo/projects/projet-brevo/dmarc-parser/rapports
2026-05-18 12:39:29,350 [INFO] run — Phase 1/3 — Fetch IMAP des nouveaux XML DMARC
2026-05-18 12:39:29,350 [INFO] run — Phase 2/3 — Parse + insertion en DB
2026-05-18 12:39:29,350 [INFO] fetch — IMAP: connexion à dmarc@cuspide.fr
2026-05-18 12:39:29,937 [INFO] fetch — dmarc@cuspide.fr: 16 messages dans INBOX
2026-05-18 12:39:32,853 [INFO] fetch — IMAP: connexion à dmarc@kelaj-company.com
2026-05-18 12:39:33,285 [INFO] fetch — dmarc@kelaj-company.com: 11 messages dans INBOX
2026-05-18 12:39:35,347 [INFO] run — Stats parse : reçus=25, insérés=24, doublons=1, erreurs=0
2026-05-18 12:39:35,347 [INFO] run — Phase 3/3 — Génération rapports markdown
2026-05-18 12:39:35,356 [INFO] run —   → /Users/mo/projects/projet-brevo/dmarc-parser/rapports/rapport-7-derniers-jours-2026-05-18.md
2026-05-18 12:39:35,356 [INFO] run —   → /Users/mo/projects/projet-brevo/dmarc-parser/rapports/rapport-30-derniers-jours-2026-05-18.md
2026-05-18 12:39:35,356 [INFO] run — Ouverture (TextEdit + activate) : /Users/mo/projects/projet-brevo/dmarc-parser/rapports/rapport-7-derniers-jours-LATEST.md
2026-05-18 12:39:35,793 [INFO] run — Fin parser DMARC ✅
2026-05-18 12:39:35,794 [INFO] run — ============================================================
2026-05-18 12:41:11,025 [INFO] run — ============================================================
2026-05-18 12:41:11,026 [INFO] run — Démarrage parser DMARC — 2026-05-18T10:41:11.026424Z
2026-05-18 12:41:11,026 [INFO] run — DB : /Users/mo/projects/projet-brevo/dmarc-parser/dmarc-history.db
2026-05-18 12:41:11,026 [INFO] run — Rapports : /Users/mo/projects/projet-brevo/dmarc-parser/rapports
2026-05-18 12:41:11,029 [INFO] run — Phase 1/3 — Fetch IMAP des nouveaux XML DMARC
2026-05-18 12:41:11,029 [INFO] run — Phase 2/3 — Parse + insertion en DB
2026-05-18 12:41:11,029 [INFO] fetch — IMAP: connexion à dmarc@cuspide.fr
2026-05-18 12:41:11,509 [INFO] fetch — dmarc@cuspide.fr: 2 messages dans INBOX
2026-05-18 12:41:11,968 [INFO] fetch — IMAP: connexion à dmarc@kelaj-company.com
2026-05-18 12:41:12,398 [INFO] fetch — dmarc@kelaj-company.com: 1 messages dans INBOX
2026-05-18 12:41:12,672 [INFO] run — Stats parse : reçus=1, insérés=1, doublons=0, erreurs=0
2026-05-18 12:41:12,673 [INFO] run — Phase 3/3 — Génération rapports markdown
2026-05-18 12:41:12,680 [INFO] run —   → /Users/mo/projects/projet-brevo/dmarc-parser/rapports/rapport-7-derniers-jours-2026-05-18.md
2026-05-18 12:41:12,680 [INFO] run —   → /Users/mo/projects/projet-brevo/dmarc-parser/rapports/rapport-30-derniers-jours-2026-05-18.md
2026-05-18 12:41:12,680 [INFO] run — Ouverture (TextEdit + activate) : /Users/mo/projects/projet-brevo/dmarc-parser/rapports/rapport-7-derniers-jours-LATEST.md
2026-05-18 12:41:12,917 [INFO] run — Fin parser DMARC ✅
2026-05-18 12:41:12,917 [INFO] run — ============================================================
