2026-05-07 14:42:45,362 [INFO] run — ============================================================
2026-05-07 14:42:45,362 [INFO] run — Démarrage parser DMARC — 2026-05-07T12:42:45.362346Z
2026-05-07 14:42:45,362 [INFO] run — DB : /Users/mo/projects/projet-brevo/dmarc-parser/dmarc-history.db
2026-05-07 14:42:45,362 [INFO] run — Rapports : /Users/mo/projects/projet-brevo/dmarc-parser/rapports
2026-05-07 14:42:45,362 [INFO] run — ⚠️ DRY RUN — aucun email ne sera déplacé
2026-05-07 14:42:45,364 [INFO] run — Phase 1/3 — Fetch IMAP des nouveaux XML DMARC
2026-05-07 14:42:45,364 [INFO] run — Phase 2/3 — Parse + insertion en DB
2026-05-07 14:42:45,364 [INFO] fetch — IMAP: connexion à dmarc@cuspide.fr
2026-05-07 14:42:45,859 [INFO] fetch — Creating IMAP folder 'DMARCS'
2026-05-07 14:42:46,106 [INFO] fetch — dmarc@cuspide.fr: 14 messages dans INBOX
2026-05-07 14:42:46,325 [DEBUG] parse — Report 733872930846819691 déjà en DB, skip
2026-05-07 14:42:46,387 [DEBUG] parse — Report 18032609682696566540 déjà en DB, skip
2026-05-07 14:42:46,449 [DEBUG] parse — Report 18032609682696566540 déjà en DB, skip
2026-05-07 14:42:46,632 [DEBUG] parse — Report 18032609682696566540 déjà en DB, skip
2026-05-07 14:42:46,695 [DEBUG] parse — Report 680388906869518493 déjà en DB, skip
2026-05-07 14:42:46,870 [DEBUG] parse — Report 680388906869518493 déjà en DB, skip
2026-05-07 14:42:46,935 [DEBUG] parse — Report 4411293431711517078 déjà en DB, skip
2026-05-07 14:42:46,998 [DEBUG] parse — Report 680388906869518493 déjà en DB, skip
2026-05-07 14:42:47,062 [DEBUG] parse — Report 4411293431711517078 déjà en DB, skip
2026-05-07 14:42:47,158 [DEBUG] parse — Report 680388906869518493 déjà en DB, skip
2026-05-07 14:42:47,223 [DEBUG] parse — Report 4411293431711517078 déjà en DB, skip
2026-05-07 14:42:47,286 [DEBUG] parse — Report 4411293431711517078 déjà en DB, skip
2026-05-07 14:42:47,379 [INFO] fetch — IMAP: connexion à dmarc@kelaj-company.com
2026-05-07 14:42:47,726 [INFO] fetch — Creating IMAP folder 'DMARCS'
2026-05-07 14:42:47,917 [INFO] fetch — dmarc@kelaj-company.com: 1 messages dans INBOX
2026-05-07 14:42:48,206 [INFO] run — Stats parse : reçus=13, insérés=1, doublons=12, erreurs=0
2026-05-07 14:42:48,207 [INFO] run — Phase 3/3 — Génération rapports markdown
2026-05-07 14:42:48,210 [INFO] run —   → /Users/mo/projects/projet-brevo/dmarc-parser/rapports/rapport-7-derniers-jours-2026-05-07.md
2026-05-07 14:42:48,210 [INFO] run —   → /Users/mo/projects/projet-brevo/dmarc-parser/rapports/rapport-30-derniers-jours-2026-05-07.md
2026-05-07 14:42:48,210 [INFO] run — Fin parser DMARC ✅
2026-05-07 14:42:48,210 [INFO] run — ============================================================
2026-05-07 14:54:53,014 [INFO] run — ============================================================
2026-05-07 14:54:53,014 [INFO] run — Démarrage parser DMARC — 2026-05-07T12:54:53.014772Z
2026-05-07 14:54:53,014 [INFO] run — DB : /Users/mo/projects/projet-brevo/dmarc-parser/dmarc-history.db
2026-05-07 14:54:53,014 [INFO] run — Rapports : /Users/mo/projects/projet-brevo/dmarc-parser/rapports
2026-05-07 14:54:53,016 [INFO] run — Phase 1/3 — Fetch IMAP des nouveaux XML DMARC
2026-05-07 14:54:53,016 [INFO] run — Phase 2/3 — Parse + insertion en DB
2026-05-07 14:54:53,016 [INFO] fetch — IMAP: connexion à dmarc@cuspide.fr
2026-05-07 14:54:53,619 [INFO] fetch — dmarc@cuspide.fr: 14 messages dans INBOX
2026-05-07 14:54:56,439 [INFO] fetch — IMAP: connexion à dmarc@kelaj-company.com
2026-05-07 14:54:56,960 [INFO] fetch — dmarc@kelaj-company.com: 1 messages dans INBOX
2026-05-07 14:54:57,244 [INFO] run — Stats parse : reçus=13, insérés=0, doublons=13, erreurs=0
2026-05-07 14:54:57,244 [INFO] run — Phase 3/3 — Génération rapports markdown
2026-05-07 14:54:57,253 [INFO] run —   → /Users/mo/projects/projet-brevo/dmarc-parser/rapports/rapport-7-derniers-jours-2026-05-07.md
2026-05-07 14:54:57,253 [INFO] run —   → /Users/mo/projects/projet-brevo/dmarc-parser/rapports/rapport-30-derniers-jours-2026-05-07.md
2026-05-07 14:54:57,253 [INFO] run — Fin parser DMARC ✅
2026-05-07 14:54:57,253 [INFO] run — ============================================================
2026-05-07 14:56:43,662 [INFO] run — ============================================================
2026-05-07 14:56:43,662 [INFO] run — Démarrage parser DMARC — 2026-05-07T12:56:43.662432Z
2026-05-07 14:56:43,662 [INFO] run — DB : /Users/mo/projects/projet-brevo/dmarc-parser/dmarc-history.db
2026-05-07 14:56:43,662 [INFO] run — Rapports : /Users/mo/projects/projet-brevo/dmarc-parser/rapports
2026-05-07 14:56:43,665 [INFO] run — Phase 1/3 — Fetch IMAP des nouveaux XML DMARC
2026-05-07 14:56:43,665 [INFO] run — Phase 2/3 — Parse + insertion en DB
2026-05-07 14:56:43,665 [INFO] fetch — IMAP: connexion à dmarc@cuspide.fr
2026-05-07 14:56:44,246 [INFO] fetch — dmarc@cuspide.fr: 1 messages dans INBOX
2026-05-07 14:56:44,603 [INFO] fetch — IMAP: connexion à dmarc@kelaj-company.com
2026-05-07 14:56:45,123 [INFO] fetch — dmarc@kelaj-company.com: 1 messages dans INBOX
2026-05-07 14:56:45,397 [INFO] run — Stats parse : reçus=0, insérés=0, doublons=0, erreurs=0
2026-05-07 14:56:45,397 [INFO] run — Phase 3/3 — Génération rapports markdown
2026-05-07 14:56:45,403 [INFO] run —   → /Users/mo/projects/projet-brevo/dmarc-parser/rapports/rapport-7-derniers-jours-2026-05-07.md
2026-05-07 14:56:45,403 [INFO] run —   → /Users/mo/projects/projet-brevo/dmarc-parser/rapports/rapport-30-derniers-jours-2026-05-07.md
2026-05-07 14:56:45,403 [INFO] run — Ouverture (TextEdit) : /Users/mo/projects/projet-brevo/dmarc-parser/rapports/rapport-7-derniers-jours-LATEST.md
2026-05-07 14:56:45,410 [INFO] run — Fin parser DMARC ✅
2026-05-07 14:56:45,411 [INFO] run — ============================================================
2026-05-07 14:58:02,414 [INFO] run — ============================================================
2026-05-07 14:58:02,414 [INFO] run — Démarrage parser DMARC — 2026-05-07T12:58:02.414551Z
2026-05-07 14:58:02,414 [INFO] run — DB : /Users/mo/projects/projet-brevo/dmarc-parser/dmarc-history.db
2026-05-07 14:58:02,414 [INFO] run — Rapports : /Users/mo/projects/projet-brevo/dmarc-parser/rapports
2026-05-07 14:58:02,416 [INFO] run — Phase 1/3 — Fetch IMAP des nouveaux XML DMARC
2026-05-07 14:58:02,416 [INFO] run — Phase 2/3 — Parse + insertion en DB
2026-05-07 14:58:02,417 [INFO] fetch — IMAP: connexion à dmarc@cuspide.fr
2026-05-07 14:58:02,974 [INFO] fetch — dmarc@cuspide.fr: 1 messages dans INBOX
2026-05-07 14:58:03,289 [INFO] fetch — IMAP: connexion à dmarc@kelaj-company.com
2026-05-07 14:58:03,741 [INFO] fetch — dmarc@kelaj-company.com: 1 messages dans INBOX
2026-05-07 14:58:04,129 [INFO] run — Stats parse : reçus=0, insérés=0, doublons=0, erreurs=0
2026-05-07 14:58:04,130 [INFO] run — Phase 3/3 — Génération rapports markdown
2026-05-07 14:58:04,136 [INFO] run —   → /Users/mo/projects/projet-brevo/dmarc-parser/rapports/rapport-7-derniers-jours-2026-05-07.md
2026-05-07 14:58:04,137 [INFO] run —   → /Users/mo/projects/projet-brevo/dmarc-parser/rapports/rapport-30-derniers-jours-2026-05-07.md
2026-05-07 14:58:04,137 [INFO] run — Ouverture (TextEdit) : /Users/mo/projects/projet-brevo/dmarc-parser/rapports/rapport-7-derniers-jours-LATEST.md
2026-05-07 14:58:04,142 [INFO] run — Fin parser DMARC ✅
2026-05-07 14:58:04,142 [INFO] run — ============================================================
2026-05-07 15:00:23,934 [INFO] run — ============================================================
2026-05-07 15:00:23,934 [INFO] run — Démarrage parser DMARC — 2026-05-07T13:00:23.934465Z
2026-05-07 15:00:23,934 [INFO] run — DB : /Users/mo/projects/projet-brevo/dmarc-parser/dmarc-history.db
2026-05-07 15:00:23,934 [INFO] run — Rapports : /Users/mo/projects/projet-brevo/dmarc-parser/rapports
2026-05-07 15:00:23,936 [INFO] run — Phase 1/3 — Fetch IMAP des nouveaux XML DMARC
2026-05-07 15:00:23,936 [INFO] run — Phase 2/3 — Parse + insertion en DB
2026-05-07 15:00:23,936 [INFO] fetch — IMAP: connexion à dmarc@cuspide.fr
2026-05-07 15:00:24,528 [INFO] fetch — dmarc@cuspide.fr: 1 messages dans INBOX
2026-05-07 15:00:24,854 [INFO] fetch — IMAP: connexion à dmarc@kelaj-company.com
2026-05-07 15:00:25,300 [INFO] fetch — dmarc@kelaj-company.com: 1 messages dans INBOX
2026-05-07 15:00:25,577 [INFO] run — Stats parse : reçus=0, insérés=0, doublons=0, erreurs=0
2026-05-07 15:00:25,578 [INFO] run — Phase 3/3 — Génération rapports markdown
2026-05-07 15:00:25,583 [INFO] run —   → /Users/mo/projects/projet-brevo/dmarc-parser/rapports/rapport-7-derniers-jours-2026-05-07.md
2026-05-07 15:00:25,583 [INFO] run —   → /Users/mo/projects/projet-brevo/dmarc-parser/rapports/rapport-30-derniers-jours-2026-05-07.md
2026-05-07 15:00:25,583 [INFO] run — Ouverture (TextEdit + activate) : /Users/mo/projects/projet-brevo/dmarc-parser/rapports/rapport-7-derniers-jours-LATEST.md
2026-05-07 15:00:26,202 [INFO] run — Fin parser DMARC ✅
2026-05-07 15:00:26,203 [INFO] run — ============================================================
